Started GET "/" for 127.0.0.1 at 2017-10-13 15:37:11 +0900
Processing by Rails::WelcomeController#index as HTML
  Rendering C:/Ruby24-x64/lib/ruby/gems/2.4.0/gems/railties-5.1.2/lib/rails/templates/rails/welcome/index.html.erb
  Rendered C:/Ruby24-x64/lib/ruby/gems/2.4.0/gems/railties-5.1.2/lib/rails/templates/rails/welcome/index.html.erb (7.0ms)
Completed 200 OK in 873ms (Views: 68.0ms)


Started GET "/users" for 127.0.0.1 at 2017-10-13 15:37:16 +0900
Processing by UsersController#index as HTML
  Rendering text template
  Rendered text template (0.0ms)
Completed 200 OK in 6ms (Views: 5.5ms)


Started GET "/users" for 127.0.0.1 at 2017-10-13 15:42:11 +0900
Processing by UsersController#index as HTML
  Rendering users/index.html.erb within layouts/application
  Rendered users/index.html.erb within layouts/application (2.0ms)
Completed 500 Internal Server Error in 1489ms


  
ActionView::Template::Error (TypeError: オブジェクトでサポートされていないプロパティまたはメソッドです。):
    4:     <title>Sample</title>
    5:     <%= csrf_meta_tags %>
    6: 
    7:     <%= stylesheet_link_tag    'application', media: 'all', 'data-turbolinks-track': 'reload' %>
    8:     <%= javascript_include_tag 'application', 'data-turbolinks-track': 'reload' %>
    9:   </head>
   10: 
  
app/views/layouts/application.html.erb:7:in `_app_views_layouts_application_html_erb__638537961_57008880'
app/controllers/users_controller.rb:3:in `index'
Started GET "/users" for 127.0.0.1 at 2017-10-13 15:45:18 +0900
Processing by UsersController#index as HTML
  Rendering users/index.html.erb within layouts/application
  Rendered users/index.html.erb within layouts/application (1.9ms)
Completed 200 OK in 1330ms (Views: 936.6ms)


Started GET "/users" for 127.0.0.1 at 2017-10-13 15:48:01 +0900
Processing by UsersController#index as HTML
  Rendering users/index.html.erb within layouts/application
  Rendered users/index.html.erb within layouts/application (2.0ms)
Completed 200 OK in 823ms (Views: 420.0ms)


Started GET "/users" for 127.0.0.1 at 2017-10-13 15:53:59 +0900
Processing by UsersController#index as HTML
  Rendering users/index.html.erb within layouts/application
  Rendered users/index.html.erb within layouts/application (3.0ms)
Completed 200 OK in 814ms (Views: 422.2ms)


Started GET "/users/new" for 127.0.0.1 at 2017-10-13 15:54:18 +0900
Processing by UsersController#new as HTML
  Rendering users/new.html.erb within layouts/application
  Rendered users/new.html.erb within layouts/application (1.0ms)
Completed 200 OK in 169ms (Views: 141.9ms)


Started GET "/users/new" for 127.0.0.1 at 2017-10-13 16:04:38 +0900
Processing by UsersController#new as HTML
  Rendering users/new.html.erb within layouts/application
  Rendered users/new.html.erb within layouts/application (3.0ms)
Completed 200 OK in 1414ms (Views: 971.7ms)


Started GET "/users" for 127.0.0.1 at 2017-10-13 16:17:11 +0900
Processing by UsersController#index as HTML
  Rendering users/index.html.erb within layouts/application
  Rendered users/index.html.erb within layouts/application (477.8ms)
Completed 200 OK in 1387ms (Views: 686.4ms)


  [1m[35m (0.0ms)[0m  [1m[34mSELECT sqlite_version(*)[0m
  [1m[35m (11.9ms)[0m  [1m[35mCREATE TABLE "schema_migrations" ("version" varchar NOT NULL PRIMARY KEY)[0m
  [1m[35m (9.0ms)[0m  [1m[35mCREATE TABLE "ar_internal_metadata" ("key" varchar NOT NULL PRIMARY KEY, "value" varchar, "created_at" datetime NOT NULL, "updated_at" datetime NOT NULL)[0m
  [1m[35m (0.0ms)[0m  [1m[34mSELECT "schema_migrations"."version" FROM "schema_migrations" ORDER BY "schema_migrations"."version" ASC[0m
Migrating to CreateDiaries (20171013072649)
  [1m[35m (0.0ms)[0m  [1m[36mbegin transaction[0m
  [1m[35m (2.0ms)[0m  [1m[35mCREATE TABLE "diaries" ("id" INTEGER PRIMARY KEY AUTOINCREMENT NOT NULL, "title" varchar, "body" text, "created_at" datetime NOT NULL, "updated_at" datetime NOT NULL)[0m
  [1m[35mSQL (0.0ms)[0m  [1m[32mINSERT INTO "schema_migrations" ("version") VALUES (?)[0m  [["version", "20171013072649"]]
  [1m[35m (7.3ms)[0m  [1m[36mcommit transaction[0m
  [1m[36mActiveRecord::InternalMetadata Load (0.0ms)[0m  [1m[34mSELECT  "ar_internal_metadata".* FROM "ar_internal_metadata" WHERE "ar_internal_metadata"."key" = ? LIMIT ?[0m  [["key", "environment"], ["LIMIT", 1]]
  [1m[35m (0.0ms)[0m  [1m[36mbegin transaction[0m
  [1m[35mSQL (2.0ms)[0m  [1m[32mINSERT INTO "ar_internal_metadata" ("key", "value", "created_at", "updated_at") VALUES (?, ?, ?, ?)[0m  [["key", "environment"], ["value", "development"], ["created_at", "2017-10-13 07:28:09.840077"], ["updated_at", "2017-10-13 07:28:09.840077"]]
  [1m[35m (7.1ms)[0m  [1m[36mcommit transaction[0m
  [1m[35m (0.0ms)[0m  [1m[34mSELECT "schema_migrations"."version" FROM "schema_migrations" ORDER BY "schema_migrations"."version" ASC[0m
  [1m[35m (3.9ms)[0m  [1m[35mPRAGMA foreign_keys[0m
  [1m[35m (0.0ms)[0m  [1m[35mPRAGMA foreign_keys = OFF[0m
  [1m[35m (0.0ms)[0m  [1m[36mbegin transaction[0m
  [1m[36mFixture Delete (2.0ms)[0m  [1m[31mDELETE FROM "diaries"[0m
  [1m[36mFixture Insert (0.0ms)[0m  [1m[32mINSERT INTO "diaries" ("id", "title", "body", "created_at", "updated_at") VALUES (1, '今日の天気', '今日は雨が降った後、虹が出ていて綺麗だった。', '2017-10-13 08:16:10.373306', '2017-10-13 08:16:10.373306')[0m
  [1m[36mFixture Insert (0.0ms)[0m  [1m[32mINSERT INTO "diaries" ("id", "title", "body", "created_at", "updated_at") VALUES (2, '今日は終日休暇', '今日は仕事を休んで、公園で読書を楽しんだ。', '2017-10-13 08:16:10.373306', '2017-10-13 08:16:10.373306')[0m
  [1m[35m (8.6ms)[0m  [1m[36mcommit transaction[0m
  [1m[35m (1.0ms)[0m  [1m[35mPRAGMA foreign_keys = 1[0m
Started GET "/diaries" for 127.0.0.1 at 2017-10-13 17:27:28 +0900
  [1m[35m (0.0ms)[0m  [1m[34mSELECT "schema_migrations"."version" FROM "schema_migrations" ORDER BY "schema_migrations"."version" ASC[0m
Processing by DiariesController#index as HTML
  Rendering diaries/index.html.erb within layouts/application
  [1m[36mDiary Load (1.0ms)[0m  [1m[34mSELECT "diaries".* FROM "diaries"[0m
  Rendered diaries/index.html.erb within layouts/application (23.1ms)
Completed 200 OK in 700ms (Views: 651.0ms | ActiveRecord: 1.0ms)


Started GET "/diaries" for 127.0.0.1 at 2017-10-13 17:35:48 +0900
  [1m[35m (0.0ms)[0m  [1m[34mSELECT "schema_migrations"."version" FROM "schema_migrations" ORDER BY "schema_migrations"."version" ASC[0m
Processing by DiariesController#index as HTML
  Rendering diaries/index.html.erb within layouts/application
  [1m[36mDiary Load (0.0ms)[0m  [1m[34mSELECT "diaries".* FROM "diaries"[0m
  Rendered diaries/index.html.erb within layouts/application (15.0ms)
Completed 200 OK in 629ms (Views: 575.3ms | ActiveRecord: 0.0ms)


Started GET "/diaries" for 127.0.0.1 at 2017-10-13 17:36:16 +0900
Processing by DiariesController#index as HTML
  Rendering diaries/index.html.erb within layouts/application
  [1m[36mDiary Load (0.0ms)[0m  [1m[34mSELECT "diaries".* FROM "diaries"[0m
  Rendered diaries/index.html.erb within layouts/application (6.0ms)
Completed 200 OK in 167ms (Views: 135.9ms | ActiveRecord: 0.0ms)


Started GET "/diaries" for 127.0.0.1 at 2017-10-13 17:36:54 +0900
Processing by DiariesController#index as HTML
  Rendering diaries/index.html.erb within layouts/application
  [1m[36mDiary Load (0.0ms)[0m  [1m[34mSELECT "diaries".* FROM "diaries"[0m
  Rendered diaries/index.html.erb within layouts/application (4.0ms)
Completed 200 OK in 157ms (Views: 128.3ms | ActiveRecord: 0.0ms)


Started GET "/diaries" for 127.0.0.1 at 2017-10-13 17:43:09 +0900
  [1m[35m (0.0ms)[0m  [1m[34mSELECT "schema_migrations"."version" FROM "schema_migrations" ORDER BY "schema_migrations"."version" ASC[0m
Processing by DiariesController#index as HTML
  Rendering diaries/index.html.erb within layouts/application
  [1m[36mDiary Load (0.0ms)[0m  [1m[34mSELECT "diaries".* FROM "diaries"[0m
  Rendered diaries/index.html.erb within layouts/application (14.1ms)
Completed 200 OK in 462ms (Views: 422.2ms | ActiveRecord: 0.0ms)


Started GET "/diaries/1" for 127.0.0.1 at 2017-10-13 17:46:38 +0900
  [1m[35m (0.0ms)[0m  [1m[34mSELECT "schema_migrations"."version" FROM "schema_migrations" ORDER BY "schema_migrations"."version" ASC[0m
Processing by DiariesController#show as HTML
  Parameters: {"id"=>"1"}
  [1m[36mDiary Load (0.0ms)[0m  [1m[34mSELECT  "diaries".* FROM "diaries" WHERE "diaries"."id" = ? LIMIT ?[0m  [["id", 1], ["LIMIT", 1]]
  Rendering diaries/show.html.erb within layouts/application
  Rendered diaries/show.html.erb within layouts/application (3.0ms)
Completed 200 OK in 503ms (Views: 435.1ms | ActiveRecord: 1.0ms)


Started GET "/diaries/1" for 127.0.0.1 at 2017-10-13 17:51:08 +0900
Processing by DiariesController#show as HTML
  Parameters: {"id"=>"1"}
  [1m[36mDiary Load (0.5ms)[0m  [1m[34mSELECT  "diaries".* FROM "diaries" WHERE "diaries"."id" = ? LIMIT ?[0m  [["id", 1], ["LIMIT", 1]]
  Rendering diaries/show.html.erb within layouts/application
  Rendered diaries/show.html.erb within layouts/application (2.0ms)
Completed 200 OK in 194ms (Views: 145.3ms | ActiveRecord: 1.5ms)


Started GET "/diaries/1/edit" for 127.0.0.1 at 2017-10-13 17:51:22 +0900
Processing by DiariesController#edit as HTML
  Parameters: {"id"=>"1"}
  [1m[36mDiary Load (1.0ms)[0m  [1m[34mSELECT  "diaries".* FROM "diaries" WHERE "diaries"."id" = ? LIMIT ?[0m  [["id", 1], ["LIMIT", 1]]
  Rendering diaries/edit.html.erb within layouts/application
  Rendered diaries/_form.html.erb (68.6ms)
  Rendered diaries/edit.html.erb within layouts/application (95.7ms)
Completed 200 OK in 252ms (Views: 214.9ms | ActiveRecord: 1.0ms)


Started GET "/diaries" for 127.0.0.1 at 2017-10-13 17:56:42 +0900
  [1m[35m (0.0ms)[0m  [1m[34mSELECT "schema_migrations"."version" FROM "schema_migrations" ORDER BY "schema_migrations"."version" ASC[0m
Processing by DiariesController#index as HTML
  Rendering diaries/index.html.erb within layouts/application
  [1m[36mDiary Load (0.0ms)[0m  [1m[34mSELECT "diaries".* FROM "diaries"[0m
  Rendered diaries/index.html.erb within layouts/application (15.0ms)
Completed 200 OK in 454ms (Views: 409.7ms | ActiveRecord: 0.0ms)


Started GET "/diaries/new" for 127.0.0.1 at 2017-10-13 18:03:13 +0900
  [1m[35m (0.0ms)[0m  [1m[34mSELECT "schema_migrations"."version" FROM "schema_migrations" ORDER BY "schema_migrations"."version" ASC[0m
Processing by DiariesController#new as HTML
  Rendering diaries/new.html.erb within layouts/application
  Rendered diaries/_form.html.erb (27.1ms)
  Rendered diaries/new.html.erb within layouts/application (66.2ms)
Completed 200 OK in 539ms (Views: 486.0ms | ActiveRecord: 0.0ms)


Started POST "/diaries" for 127.0.0.1 at 2017-10-13 18:03:32 +0900
Processing by DiariesController#create as HTML
  Parameters: {"utf8"=>"✓", "authenticity_token"=>"qbKsRxf98sYWMEjW5oiXm+6dX32p9mbKcy5Yv8pfifXhVraePWWOiqWNai1Lp/zOGU0ed8I2gbu0KcG190Hz/Q==", "diary"=>{"title"=>"", "body"=>""}, "commit"=>"Create Diary"}
  [1m[35m (0.0ms)[0m  [1m[36mbegin transaction[0m
  [1m[35m (1.0ms)[0m  [1m[31mrollback transaction[0m
  Rendering diaries/new.html.erb within layouts/application
  Rendered diaries/_form.html.erb (3.0ms)
  Rendered diaries/new.html.erb within layouts/application (31.1ms)
Completed 200 OK in 162ms (Views: 157.3ms | ActiveRecord: 1.0ms)


Started POST "/diaries" for 127.0.0.1 at 2017-10-13 18:06:52 +0900
  [1m[35m (0.0ms)[0m  [1m[34mSELECT "schema_migrations"."version" FROM "schema_migrations" ORDER BY "schema_migrations"."version" ASC[0m
Processing by DiariesController#create as HTML
  Parameters: {"utf8"=>"✓", "authenticity_token"=>"sRRzI4XsM39dWmClhtC+b2fjPirvWg8CfGIONLBxvwr58Gn6r3RPM+7nQl4r/9U6kDN/IISa6HO7ZZc+jW/FAg==", "diary"=>{"title"=>"", "body"=>""}, "commit"=>"Create Diary"}
  [1m[35m (0.0ms)[0m  [1m[36mbegin transaction[0m
  [1m[35m (0.0ms)[0m  [1m[31mrollback transaction[0m
  Rendering diaries/new.html.erb within layouts/application
  Rendered diaries/_form.html.erb (25.0ms)
  Rendered diaries/new.html.erb within layouts/application (54.2ms)
Completed 200 OK in 678ms (Views: 647.4ms | ActiveRecord: 0.0ms)


Started POST "/diaries" for 127.0.0.1 at 2017-10-13 18:11:06 +0900
  [1m[35m (0.0ms)[0m  [1m[34mSELECT "schema_migrations"."version" FROM "schema_migrations" ORDER BY "schema_migrations"."version" ASC[0m
Processing by DiariesController#create as HTML
  Parameters: {"utf8"=>"✓", "authenticity_token"=>"4cKx1s//7ARg0bHQzA/BrESXPWWO6ETh4D6Opi7V8yWpJqsP5WeQSNNskythIKr5s0d8b+Uoo5AnOResE8uJLQ==", "diary"=>{"title"=>"", "body"=>""}, "commit"=>"Create Diary"}
Completed 500 Internal Server Error in 21ms (ActiveRecord: 0.0ms)


  
ArgumentError (You need to supply at least one validation):
  
app/models/diary.rb:4:in `<class:Diary>'
app/models/diary.rb:1:in `<top (required)>'
app/controllers/diaries_controller.rb:27:in `create'
Started GET "/diaries/new" for 127.0.0.1 at 2017-10-13 18:11:22 +0900
Processing by DiariesController#new as HTML
Completed 500 Internal Server Error in 8ms (ActiveRecord: 0.0ms)


  
ArgumentError (You need to supply at least one validation):
  
app/models/diary.rb:4:in `<class:Diary>'
app/models/diary.rb:1:in `<top (required)>'
app/controllers/diaries_controller.rb:17:in `new'
Started GET "/diaries/new" for 127.0.0.1 at 2017-10-13 18:11:39 +0900
Processing by DiariesController#new as HTML
  Rendering diaries/new.html.erb within layouts/application
  Rendered diaries/_form.html.erb (29.8ms)
  Rendered diaries/new.html.erb within layouts/application (57.8ms)
Completed 200 OK in 485ms (Views: 440.8ms | ActiveRecord: 1.0ms)


Started POST "/diaries" for 127.0.0.1 at 2017-10-13 18:12:04 +0900
Processing by DiariesController#create as HTML
  Parameters: {"utf8"=>"✓", "authenticity_token"=>"P4GXEgKeswEmKc/d752Hz3MqkoDT4pmc8ImJAe82ZOZ3ZY3LKAbPTZWU7SZCsuyahPrTirgifu03jhAL0ige7g==", "diary"=>{"title"=>"", "body"=>""}, "commit"=>"Create Diary"}
  [1m[35m (0.0ms)[0m  [1m[36mbegin transaction[0m
  [1m[35m (0.0ms)[0m  [1m[31mrollback transaction[0m
  Rendering diaries/new.html.erb within layouts/application
  Rendered diaries/_form.html.erb (2.0ms)
  Rendered diaries/new.html.erb within layouts/application (33.1ms)
Completed 200 OK in 174ms (Views: 168.5ms | ActiveRecord: 0.0ms)


Started POST "/diaries" for 127.0.0.1 at 2017-10-13 18:12:27 +0900
Processing by DiariesController#create as HTML
  Parameters: {"utf8"=>"✓", "authenticity_token"=>"uoOwPXQ1D06S1VKRCh4fSUDfm6kWQcTAgSda88xhLzfyZ6rkXq1zAiFocGqnMXQctw/ao32BI7FGIMP58X9VPw==", "diary"=>{"title"=>"テスト", "body"=>"テスト"}, "commit"=>"Create Diary"}
  [1m[35m (0.0ms)[0m  [1m[36mbegin transaction[0m
  [1m[35m (0.0ms)[0m  [1m[31mrollback transaction[0m
  Rendering diaries/new.html.erb within layouts/application
  Rendered diaries/_form.html.erb (2.0ms)
  Rendered diaries/new.html.erb within layouts/application (32.8ms)
Completed 200 OK in 171ms (Views: 167.4ms | ActiveRecord: 0.0ms)


